[11Aug2022 00:07:25.707] [Server thread/INFO] [net.minecraft.server.network.ServerGamePacketListenerImpl/]: RufferedUpPup lost connection: Disconnected
[11Aug2022 00:07:25.708] [Server thread/INFO] [net.minecraft.server.MinecraftServer/]: RufferedUpPup left the game
[11Aug2022 00:17:10.440] [Server thread/WARN] [net.minecraft.server.network.ServerGamePacketListenerImpl/]: CowboyBird moved too quickly! 3.58123688071737,-5.0,-7.997590392664506
[11Aug2022 00:39:07.219] [Server thread/INFO] [net.minecraft.server.network.ServerGamePacketListenerImpl/]: CowboyBird lost connection: Disconnected
[11Aug2022 00:39:07.219] [Server thread/INFO] [net.minecraft.server.MinecraftServer/]: CowboyBird left the game
[11Aug2022 00:50:33.158] [Server thread/INFO] [net.minecraft.server.network.ServerGamePacketListenerImpl/]: LightningZero23 lost connection: Disconnected
[11Aug2022 00:50:33.158] [Server thread/INFO] [net.minecraft.server.MinecraftServer/]: LightningZero23 left the game
[11Aug2022 03:48:48.258] [User Authenticator #17/INFO] [net.minecraft.server.network.ServerLoginPacketListenerImpl/]: UUID of player CowboyBird is 4180798e-3e43-4af6-9993-82354362d697
[11Aug2022 03:48:50.223] [Server thread/INFO] [net.minecraftforge.common.AdvancementLoadFix/]: Using new advancement loading for net.minecraft.server.PlayerAdvancements@280318e8
[11Aug2022 03:48:50.227] [Server thread/INFO] [net.minecraft.server.players.PlayerList/]: CowboyBird[/127.0.0.1:52084] logged in with entity id 129240 at (2943.39917353674, 58.0, 396.28005064735464)
[11Aug2022 03:48:50.229] [Server thread/INFO] [net.minecraft.server.MinecraftServer/]: CowboyBird joined the game
[11Aug2022 04:00:13.868] [Server thread/INFO] [net.minecraft.server.network.ServerGamePacketListenerImpl/]: CowboyBird lost connection: Disconnected
[11Aug2022 04:00:13.868] [Server thread/INFO] [net.minecraft.server.MinecraftServer/]: CowboyBird left the game
[11Aug2022 05:52:38.722] [User Authenticator #18/INFO] [net.minecraft.server.network.ServerLoginPacketListenerImpl/]: UUID of player RufferedUpPup is a14796c1-ff40-4717-afe9-452409c46385
[11Aug2022 05:52:40.427] [Server thread/INFO] [net.minecraftforge.common.AdvancementLoadFix/]: Using new advancement loading for net.minecraft.server.PlayerAdvancements@520f77f7
[11Aug2022 05:52:40.431] [Server thread/INFO] [net.minecraft.server.players.PlayerList/]: RufferedUpPup[/127.0.0.1:52422] logged in with entity id 132714 at (2943.243934285305, 58.0, 394.14870365253125)
[11Aug2022 05:52:40.435] [Server thread/INFO] [net.minecraft.server.MinecraftServer/]: RufferedUpPup joined the game
[11Aug2022 06:45:40.835] [Server thread/INFO] [net.minecraft.server.network.ServerGamePacketListenerImpl/]: RufferedUpPup lost connection: Disconnected
[11Aug2022 06:45:40.836] [Server thread/INFO] [net.minecraft.server.MinecraftServer/]: RufferedUpPup left the game
[11Aug2022 06:46:12.713] [User Authenticator #19/INFO] [net.minecraft.server.network.ServerLoginPacketListenerImpl/]: UUID of player RufferedUpPup is a14796c1-ff40-4717-afe9-452409c46385
[11Aug2022 06:46:14.381] [Server thread/INFO] [net.minecraftforge.common.AdvancementLoadFix/]: Using new advancement loading for net.minecraft.server.PlayerAdvancements@68aadc83
[11Aug2022 06:46:14.386] [Server thread/INFO] [net.minecraft.server.players.PlayerList/]: RufferedUpPup[/127.0.0.1:52926] logged in with entity id 150690 at (348.96155540097055, 55.0, 32.166014826323746)
[11Aug2022 06:46:14.390] [Server thread/INFO] [net.minecraft.server.MinecraftServer/]: RufferedUpPup joined the game
[11Aug2022 07:12:42.244] [Server thread/INFO] [net.minecraft.server.MinecraftServer/]: RufferedUpPup has reached the goal [Zombie Doctor]
[11Aug2022 07:56:18.550] [Server thread/WARN] [net.minecraft.server.MinecraftServer/]: Can't keep up! Is the server overloaded? Running 3989ms or 79 ticks behind
[11Aug2022 08:01:08.579] [Server thread/WARN] [net.minecraft.server.MinecraftServer/]: Can't keep up! Is the server overloaded? Running 5016ms or 100 ticks behind
[11Aug2022 08:01:28.029] [Server thread/WARN] [net.minecraft.server.MinecraftServer/]: Can't keep up! Is the server overloaded? Running 2116ms or 42 ticks behind
[11Aug2022 08:01:51.160] [Server thread/WARN] [net.minecraft.server.MinecraftServer/]: Can't keep up! Is the server overloaded? Running 2497ms or 49 ticks behind
[11Aug2022 08:02:34.477] [Server thread/WARN] [net.minecraft.server.MinecraftServer/]: Can't keep up! Is the server overloaded? Running 5564ms or 111 ticks behind
[11Aug2022 08:03:20.952] [Server thread/WARN] [net.minecraft.server.MinecraftServer/]: Can't keep up! Is the server overloaded? Running 2289ms or 45 ticks behind
[11Aug2022 08:03:39.409] [Server thread/WARN] [net.minecraft.server.MinecraftServer/]: Can't keep up! Is the server overloaded? Running 2146ms or 42 ticks behind
[11Aug2022 08:03:53.581] [Server thread/WARN] [net.minecraft.server.network.ServerGamePacketListenerImpl/]: RufferedUpPup moved too quickly! 805.0918227842708,-2.052203340253726,3636.800000011921
[11Aug2022 08:03:53.595] [Server thread/WARN] [net.minecraft.server.network.ServerGamePacketListenerImpl/]: RufferedUpPup moved too quickly! 805.0918227842708,-2.052203340253726,3636.800000011921
[11Aug2022 08:03:53.599] [Server thread/WARN] [net.minecraft.server.network.ServerGamePacketListenerImpl/]: RufferedUpPup moved too quickly! 805.0918227842708,-2.052203340253726,3636.800000011921
[11Aug2022 08:03:53.604] [Server thread/WARN] [net.minecraft.server.network.ServerGamePacketListenerImpl/]: RufferedUpPup moved too quickly! 805.0918227842708,-2.052203340253726,3636.800000011921
[11Aug2022 08:03:53.610] [Server thread/WARN] [net.minecraft.server.network.ServerGamePacketListenerImpl/]: RufferedUpPup moved too quickly! 805.0918227842708,-2.052203340253726,3636.800000011921
[11Aug2022 08:03:53.613] [Server thread/WARN] [net.minecraft.server.network.ServerGamePacketListenerImpl/]: RufferedUpPup moved too quickly! 805.0918227842708,-2.052203340253726,3636.800000011921
[11Aug2022 08:04:04.525] [Server thread/INFO] [net.minecraft.server.network.ServerGamePacketListenerImpl/]: RufferedUpPup lost connection: Disconnected
[11Aug2022 08:04:04.525] [Server thread/INFO] [net.minecraft.server.MinecraftServer/]: RufferedUpPup left the game
[11Aug2022 08:05:32.492] [User Authenticator #20/INFO] [net.minecraft.server.network.ServerLoginPacketListenerImpl/]: UUID of player RufferedUpPup is a14796c1-ff40-4717-afe9-452409c46385
[11Aug2022 08:05:34.171] [Server thread/INFO] [net.minecraftforge.common.AdvancementLoadFix/]: Using new advancement loading for net.minecraft.server.PlayerAdvancements@9157257
[11Aug2022 08:05:34.175] [Server thread/INFO] [net.minecraft.server.players.PlayerList/]: RufferedUpPup[/127.0.0.1:53516] logged in with entity id 189254 at (3762.5576122020657, 67.0, 4050.974620763761)
[11Aug2022 08:05:34.179] [Server thread/INFO] [net.minecraft.server.MinecraftServer/]: RufferedUpPup joined the game
[11Aug2022 08:06:16.030] [Server thread/WARN] [net.minecraft.server.MinecraftServer/]: Can't keep up! Is the server overloaded? Running 2114ms or 42 ticks behind
[11Aug2022 08:06:37.140] [Server thread/WARN] [net.minecraft.server.MinecraftServer/]: Can't keep up! Is the server overloaded? Running 3324ms or 66 ticks behind
[11Aug2022 08:06:55.107] [Server thread/WARN] [net.minecraft.server.MinecraftServer/]: Can't keep up! Is the server overloaded? Running 2391ms or 47 ticks behind
[11Aug2022 08:17:31.776] [Server thread/INFO] [net.minecraft.server.network.ServerGamePacketListenerImpl/]: RufferedUpPup lost connection: Disconnected
[11Aug2022 08:17:31.776] [Server thread/INFO] [net.minecraft.server.MinecraftServer/]: RufferedUpPup left the game
[11Aug2022 08:36:25.843] [User Authenticator #21/INFO] [net.minecraft.server.network.ServerLoginPacketListenerImpl/]: UUID of player RufferedUpPup is a14796c1-ff40-4717-afe9-452409c46385
[11Aug2022 08:36:27.524] [Server thread/INFO] [net.minecraftforge.common.AdvancementLoadFix/]: Using new advancement loading for net.minecraft.server.PlayerAdvancements@508c447f
[11Aug2022 08:36:27.529] [Server thread/INFO] [net.minecraft.server.players.PlayerList/]: RufferedUpPup[/127.0.0.1:53806] logged in with entity id 197720 at (2946.06826765176, 63.0, 416.136207403636)
[11Aug2022 08:36:27.532] [Server thread/INFO] [net.minecraft.server.MinecraftServer/]: RufferedUpPup joined the game
[11Aug2022 08:36:29.791] [Server thread/INFO] [net.minecraft.server.network.ServerGamePacketListenerImpl/]: RufferedUpPup lost connection: Disconnected
[11Aug2022 08:36:29.791] [Server thread/INFO] [net.minecraft.server.MinecraftServer/]: RufferedUpPup left the game
[11Aug2022 08:37:02.786] [User Authenticator #22/INFO] [net.minecraft.server.network.ServerLoginPacketListenerImpl/]: UUID of player RufferedUpPup is a14796c1-ff40-4717-afe9-452409c46385
[11Aug2022 08:37:04.474] [Server thread/INFO] [net.minecraftforge.common.AdvancementLoadFix/]: Using new advancement loading for net.minecraft.server.PlayerAdvancements@3c759c6a
[11Aug2022 08:37:04.478] [Server thread/INFO] [net.minecraft.server.players.PlayerList/]: RufferedUpPup[/127.0.0.1:53840] logged in with entity id 197952 at (2946.06826765176, 63.0, 416.136207403636)
[11Aug2022 08:37:04.482] [Server thread/INFO] [net.minecraft.server.MinecraftServer/]: RufferedUpPup joined the game
[11Aug2022 08:37:06.893] [Server thread/INFO] [net.minecraft.server.network.ServerGamePacketListenerImpl/]: RufferedUpPup lost connection: Disconnected
[11Aug2022 08:37:06.893] [Server thread/INFO] [net.minecraft.server.MinecraftServer/]: RufferedUpPup left the game
[11Aug2022 08:37:36.514] [User Authenticator #23/INFO] [net.minecraft.server.network.ServerLoginPacketListenerImpl/]: UUID of player RufferedUpPup is a14796c1-ff40-4717-afe9-452409c46385
[11Aug2022 08:37:38.174] [Server thread/INFO] [net.minecraftforge.common.AdvancementLoadFix/]: Using new advancement loading for net.minecraft.server.PlayerAdvancements@1578211d
[11Aug2022 08:37:38.178] [Server thread/INFO] [net.minecraft.server.players.PlayerList/]: RufferedUpPup[/127.0.0.1:53870] logged in with entity id 198194 at (2946.06826765176, 63.0, 416.136207403636)
[11Aug2022 08:37:38.182] [Server thread/INFO] [net.minecraft.server.MinecraftServer/]: RufferedUpPup joined the game
[11Aug2022 09:18:34.489] [Server thread/WARN] [net.minecraft.server.MinecraftServer/]: Can't keep up! Is the server overloaded? Running 3761ms or 75 ticks behind
[11Aug2022 09:30:52.480] [Server thread/INFO] [net.minecraft.server.network.ServerGamePacketListenerImpl/]: RufferedUpPup lost connection: Disconnected
[11Aug2022 09:30:52.481] [Server thread/INFO] [net.minecraft.server.MinecraftServer/]: RufferedUpPup left the game
[11Aug2022 09:32:49.313] [User Authenticator #24/INFO] [net.minecraft.server.network.ServerLoginPacketListenerImpl/]: UUID of player RufferedUpPup is a14796c1-ff40-4717-afe9-452409c46385
[11Aug2022 09:32:50.975] [Server thread/INFO] [net.minecraftforge.common.AdvancementLoadFix/]: Using new advancement loading for net.minecraft.server.PlayerAdvancements@4fcdf056
[11Aug2022 09:32:50.980] [Server thread/INFO] [net.minecraft.server.players.PlayerList/]: RufferedUpPup[/127.0.0.1:54398] logged in with entity id 213877 at (2961.442067645616, 63.0, 391.4944366296865)
[11Aug2022 09:32:50.983] [Server thread/INFO] [net.minecraft.server.MinecraftServer/]: RufferedUpPup joined the game
[11Aug2022 09:35:47.662] [Server thread/INFO] [net.minecraft.world.entity.npc.Villager/]: Villager Villager['Nitwit'/213902, l='ServerLevel[New World]', x=2966.82, y=63.94, z=368.44] died, message: 'Nitwit was slain by RufferedUpPup'
[11Aug2022 09:35:47.663] [Server thread/INFO] [net.minecraft.server.MinecraftServer/]: RufferedUpPup has made the advancement [Neighborhood Brawl]
[11Aug2022 09:40:43.052] [Server thread/WARN] [net.minecraft.server.MinecraftServer/]: Can't keep up! Is the server overloaded? Running 2036ms or 40 ticks behind
[11Aug2022 09:50:23.969] [Server thread/INFO] [net.minecraft.world.entity.npc.Villager/]: Villager Villager['Nitwit'/222240, l='ServerLevel[New World]', x=3740.70, y=71.00, z=4032.67] died, message: 'Nitwit was slain by Zombie'
[11Aug2022 09:54:49.474] [Server thread/INFO] [net.minecraftforge.common.AdvancementLoadFix/]: Using new advancement loading for net.minecraft.server.PlayerAdvancements@1f5af1e9
[11Aug2022 10:18:16.915] [Server thread/INFO] [net.minecraft.server.MinecraftServer/]: RufferedUpPup has made the advancement [A Throwaway Joke]
[11Aug2022 10:23:22.814] [Server thread/INFO] [net.minecraft.server.network.ServerGamePacketListenerImpl/]: RufferedUpPup lost connection: Disconnected
[11Aug2022 10:23:22.814] [Server thread/INFO] [net.minecraft.server.MinecraftServer/]: RufferedUpPup left the game
[11Aug2022 10:23:43.733] [Server thread/INFO] [net.minecraft.server.MinecraftServer/]: Stopping server
[11Aug2022 10:23:43.734] [Server thread/INFO] [net.minecraft.server.MinecraftServer/]: Saving players
[11Aug2022 10:23:43.734] [Server thread/INFO] [net.minecraft.server.MinecraftServer/]: Saving worlds
[11Aug2022 10:23:44.427] [Server thread/INFO] [net.minecraft.server.MinecraftServer/]: Saving chunks for level 'ServerLevel[New World]'/minecraft:overworld
[11Aug2022 10:23:44.522] [Server thread/INFO] [net.minecraft.server.MinecraftServer/]: Saving chunks for level 'ServerLevel[New World]'/minecraft:the_nether
[11Aug2022 10:23:44.542] [Server thread/INFO] [net.minecraft.server.MinecraftServer/]: Saving chunks for level 'ServerLevel[New World]'/minecraft:the_end
[11Aug2022 10:23:44.561] [Server thread/INFO] [net.minecraft.server.MinecraftServer/]: ThreadedAnvilChunkStorage (world): All chunks are saved
[11Aug2022 10:23:44.561] [Server thread/INFO] [net.minecraft.server.MinecraftServer/]: ThreadedAnvilChunkStorage (DIM-1): All chunks are saved
[11Aug2022 10:23:44.561] [Server thread/INFO] [net.minecraft.server.MinecraftServer/]: ThreadedAnvilChunkStorage (DIM1): All chunks are saved
[11Aug2022 10:23:44.561] [Server thread/INFO] [net.minecraft.server.MinecraftServer/]: ThreadedAnvilChunkStorage: All dimensions are saved
